0 info it worked if it ends with ok
1 verbose cli [ '/Users/davidderemer/.nvm/versions/node/v6.14.0/bin/node',
1 verbose cli   '/Users/davidderemer/.nvm/versions/node/v6.14.0/bin/npm',
1 verbose cli   'run',
1 verbose cli   'convert:build' ]
2 info using npm@3.10.10
3 info using node@v6.14.0
4 verbose run-script [ 'preconvert:build', 'convert:build', 'postconvert:build' ]
5 info lifecycle imgtowebp@1.0.0~preconvert:build: imgtowebp@1.0.0
6 silly lifecycle imgtowebp@1.0.0~preconvert:build: no script for preconvert:build, continuing
7 info lifecycle imgtowebp@1.0.0~convert:build: imgtowebp@1.0.0
8 verbose lifecycle imgtowebp@1.0.0~convert:build: unsafe-perm in lifecycle true
9 verbose lifecycle imgtowebp@1.0.0~convert:build: PATH: /Users/davidderemer/.nvm/versions/node/v6.14.0/lib/node_modules/npm/bin/node-gyp-bin:/Users/davidderemer/Developer/Clients/google/imgToWebp/node_modules/.bin:/Users/davidderemer/Developer/google-cloud-sdk/bin:/Users/davidderemer/.avn/bin:/Users/davidderemer/.nvm/versions/node/v6.14.0/bin:/usr/local/heroku/bin:/usr/local/sbin:/Users/davidderemer/.rvm/gems/ruby-2.3.1/bin:/Users/davidderemer/.rvm/gems/ruby-2.3.1@global/bin:/Users/davidderemer/.rvm/rubies/ruby-2.3.1/bin:/usr/local/bin:/usr/local/bin:/usr/bin:/bin:/usr/sbin:/sbin:/Users/davidderemer/.rvm/bin:/Users/davidderemer/Developer/go_appengine:/Users/davidderemer/.rvm/bin
10 verbose lifecycle imgtowebp@1.0.0~convert:build: CWD: /Users/davidderemer/Developer/Clients/google/imgToWebp
11 silly lifecycle imgtowebp@1.0.0~convert:build: Args: [ '-c', 'npm run build && node ./lib/index.js' ]
12 silly lifecycle imgtowebp@1.0.0~convert:build: Returned: code: 1  signal: null
13 info lifecycle imgtowebp@1.0.0~convert:build: Failed to exec convert:build script
14 verbose stack Error: imgtowebp@1.0.0 convert:build: `npm run build && node ./lib/index.js`
14 verbose stack Exit status 1
14 verbose stack     at EventEmitter.<anonymous> (/Users/davidderemer/.nvm/versions/node/v6.14.0/lib/node_modules/npm/lib/utils/lifecycle.js:255:16)
14 verbose stack     at emitTwo (events.js:106:13)
14 verbose stack     at EventEmitter.emit (events.js:191:7)
14 verbose stack     at ChildProcess.<anonymous> (/Users/davidderemer/.nvm/versions/node/v6.14.0/lib/node_modules/npm/lib/utils/spawn.js:40:14)
14 verbose stack     at emitTwo (events.js:106:13)
14 verbose stack     at ChildProcess.emit (events.js:191:7)
14 verbose stack     at maybeClose (internal/child_process.js:920:16)
14 verbose stack     at Process.ChildProcess._handle.onexit (internal/child_process.js:230:5)
15 verbose pkgid imgtowebp@1.0.0
16 verbose cwd /Users/davidderemer/Developer/Clients/google/imgToWebp
17 error Darwin 18.2.0
18 error argv "/Users/davidderemer/.nvm/versions/node/v6.14.0/bin/node" "/Users/davidderemer/.nvm/versions/node/v6.14.0/bin/npm" "run" "convert:build"
19 error node v6.14.0
20 error npm  v3.10.10
21 error code ELIFECYCLE
22 error imgtowebp@1.0.0 convert:build: `npm run build && node ./lib/index.js`
22 error Exit status 1
23 error Failed at the imgtowebp@1.0.0 convert:build script 'npm run build && node ./lib/index.js'.
23 error Make sure you have the latest version of node.js and npm installed.
23 error If you do, this is most likely a problem with the imgtowebp package,
23 error not with npm itself.
23 error Tell the author that this fails on your system:
23 error     npm run build && node ./lib/index.js
23 error You can get information on how to open an issue for this project with:
23 error     npm bugs imgtowebp
23 error Or if that isn't available, you can get their info via:
23 error     npm owner ls imgtowebp
23 error There is likely additional logging output above.
24 verbose exit [ 1, true ]
